Analysis & Synthesis report for cpu
Wed Dec 30 10:28:15 2020
Quartus II 64-Bit Version 13.1.0 Build 162 10/23/2013 SJ Full Version


---------------------
; Table of Contents ;
---------------------
  1. Legal Notice
  2. Analysis & Synthesis Summary
  3. Analysis & Synthesis Settings
  4. Parallel Compilation
  5. Analysis & Synthesis Source Files Read
  6. Analysis & Synthesis Resource Usage Summary
  7. Analysis & Synthesis Resource Utilization by Entity
  8. Analysis & Synthesis RAM Summary
  9. Analysis & Synthesis IP Cores Summary
 10. State Machine - |cpu|pc:PC0|state_gate
 11. Registers Removed During Synthesis
 12. General Register Statistics
 13. Inverted Register Statistics
 14. Multiplexer Restructuring Statistics (Restructuring Performed)
 15. Source assignments for ROM4KB:ROM0|altsyncram:altsyncram_component|altsyncram_sd81:auto_generated
 16. Source assignments for RAM4KB:RAM0|altsyncram:altsyncram_component|altsyncram_9ug1:auto_generated
 17. Parameter Settings for User Entity Instance: pc:PC0|ctr:CTR
 18. Parameter Settings for User Entity Instance: ROM4KB:ROM0|altsyncram:altsyncram_component
 19. Parameter Settings for User Entity Instance: RAM4KB:RAM0|altsyncram:altsyncram_component
 20. altsyncram Parameter Settings by Entity Instance
 21. Port Connectivity Checks: "pc:PC0|ctr:CTR"
 22. Port Connectivity Checks: "pc:PC0"
 23. Elapsed Time Per Partition
 24. Analysis & Synthesis Messages
 25. Analysis & Synthesis Suppressed Messages



----------------
; Legal Notice ;
----------------
Copyright (C) 1991-2013 Altera Corporation
Your use of Altera Corporation's design tools, logic functions 
and other software and tools, and its AMPP partner logic 
functions, and any output files from any of the foregoing 
(including device programming or simulation files), and any 
associated documentation or information are expressly subject 
to the terms and conditions of the Altera Program License 
Subscription Agreement, Altera MegaCore Function License 
Agreement, or other applicable license agreement, including, 
without limitation, that your use is for the sole purpose of 
programming logic devices manufactured by Altera and sold by 
Altera or its authorized distributors.  Please refer to the 
applicable agreement for further details.



+----------------------------------------------------------------------------------+
; Analysis & Synthesis Summary                                                     ;
+------------------------------------+---------------------------------------------+
; Analysis & Synthesis Status        ; Successful - Wed Dec 30 10:28:15 2020       ;
; Quartus II 64-Bit Version          ; 13.1.0 Build 162 10/23/2013 SJ Full Version ;
; Revision Name                      ; cpu                                         ;
; Top-level Entity Name              ; cpu                                         ;
; Family                             ; Cyclone IV E                                ;
; Total logic elements               ; 404                                         ;
;     Total combinational functions  ; 365                                         ;
;     Dedicated logic registers      ; 119                                         ;
; Total registers                    ; 119                                         ;
; Total pins                         ; 18                                          ;
; Total virtual pins                 ; 0                                           ;
; Total memory bits                  ; 65,536                                      ;
; Embedded Multiplier 9-bit elements ; 0                                           ;
; Total PLLs                         ; 0                                           ;
+------------------------------------+---------------------------------------------+


+----------------------------------------------------------------------------------------------------------------------+
; Analysis & Synthesis Settings                                                                                        ;
+----------------------------------------------------------------------------+--------------------+--------------------+
; Option                                                                     ; Setting            ; Default Value      ;
+----------------------------------------------------------------------------+--------------------+--------------------+
; Device                                                                     ; EP4CE115F29C7      ;                    ;
; Top-level entity name                                                      ; cpu                ; cpu                ;
; Family name                                                                ; Cyclone IV E       ; Cyclone IV GX      ;
; Use smart compilation                                                      ; Off                ; Off                ;
; Enable parallel Assembler and TimeQuest Timing Analyzer during compilation ; On                 ; On                 ;
; Enable compact report table                                                ; Off                ; Off                ;
; Restructure Multiplexers                                                   ; Auto               ; Auto               ;
; Create Debugging Nodes for IP Cores                                        ; Off                ; Off                ;
; Preserve fewer node names                                                  ; On                 ; On                 ;
; Disable OpenCore Plus hardware evaluation                                  ; Off                ; Off                ;
; Verilog Version                                                            ; Verilog_2001       ; Verilog_2001       ;
; VHDL Version                                                               ; VHDL_1993          ; VHDL_1993          ;
; State Machine Processing                                                   ; Auto               ; Auto               ;
; Safe State Machine                                                         ; Off                ; Off                ;
; Extract Verilog State Machines                                             ; On                 ; On                 ;
; Extract VHDL State Machines                                                ; On                 ; On                 ;
; Ignore Verilog initial constructs                                          ; Off                ; Off                ;
; Iteration limit for constant Verilog loops                                 ; 5000               ; 5000               ;
; Iteration limit for non-constant Verilog loops                             ; 250                ; 250                ;
; Add Pass-Through Logic to Inferred RAMs                                    ; On                 ; On                 ;
; Infer RAMs from Raw Logic                                                  ; On                 ; On                 ;
; Parallel Synthesis                                                         ; On                 ; On                 ;
; DSP Block Balancing                                                        ; Auto               ; Auto               ;
; NOT Gate Push-Back                                                         ; On                 ; On                 ;
; Power-Up Don't Care                                                        ; On                 ; On                 ;
; Remove Redundant Logic Cells                                               ; Off                ; Off                ;
; Remove Duplicate Registers                                                 ; On                 ; On                 ;
; Ignore CARRY Buffers                                                       ; Off                ; Off                ;
; Ignore CASCADE Buffers                                                     ; Off                ; Off                ;
; Ignore GLOBAL Buffers                                                      ; Off                ; Off                ;
; Ignore ROW GLOBAL Buffers                                                  ; Off                ; Off                ;
; Ignore LCELL Buffers                                                       ; Off                ; Off                ;
; Ignore SOFT Buffers                                                        ; On                 ; On                 ;
; Limit AHDL Integers to 32 Bits                                             ; Off                ; Off                ;
; Optimization Technique                                                     ; Balanced           ; Balanced           ;
; Carry Chain Length                                                         ; 70                 ; 70                 ;
; Auto Carry Chains                                                          ; On                 ; On                 ;
; Auto Open-Drain Pins                                                       ; On                 ; On                 ;
; Perform WYSIWYG Primitive Resynthesis                                      ; Off                ; Off                ;
; Auto ROM Replacement                                                       ; On                 ; On                 ;
; Auto RAM Replacement                                                       ; On                 ; On                 ;
; Auto DSP Block Replacement                                                 ; On                 ; On                 ;
; Auto Shift Register Replacement                                            ; Auto               ; Auto               ;
; Allow Shift Register Merging across Hierarchies                            ; Auto               ; Auto               ;
; Auto Clock Enable Replacement                                              ; On                 ; On                 ;
; Strict RAM Replacement                                                     ; Off                ; Off                ;
; Allow Synchronous Control Signals                                          ; On                 ; On                 ;
; Force Use of Synchronous Clear Signals                                     ; Off                ; Off                ;
; Auto RAM Block Balancing                                                   ; On                 ; On                 ;
; Auto RAM to Logic Cell Conversion                                          ; Off                ; Off                ;
; Auto Resource Sharing                                                      ; Off                ; Off                ;
; Allow Any RAM Size For Recognition                                         ; Off                ; Off                ;
; Allow Any ROM Size For Recognition                                         ; Off                ; Off                ;
; Allow Any Shift Register Size For Recognition                              ; Off                ; Off                ;
; Use LogicLock Constraints during Resource Balancing                        ; On                 ; On                 ;
; Ignore translate_off and synthesis_off directives                          ; Off                ; Off                ;
; Timing-Driven Synthesis                                                    ; On                 ; On                 ;
; Report Parameter Settings                                                  ; On                 ; On                 ;
; Report Source Assignments                                                  ; On                 ; On                 ;
; Report Connectivity Checks                                                 ; On                 ; On                 ;
; Ignore Maximum Fan-Out Assignments                                         ; Off                ; Off                ;
; Synchronization Register Chain Length                                      ; 2                  ; 2                  ;
; PowerPlay Power Optimization                                               ; Normal compilation ; Normal compilation ;
; HDL message level                                                          ; Level2             ; Level2             ;
; Suppress Register Optimization Related Messages                            ; Off                ; Off                ;
; Number of Removed Registers Reported in Synthesis Report                   ; 5000               ; 5000               ;
; Number of Swept Nodes Reported in Synthesis Report                         ; 5000               ; 5000               ;
; Number of Inverted Registers Reported in Synthesis Report                  ; 100                ; 100                ;
; Clock MUX Protection                                                       ; On                 ; On                 ;
; Auto Gated Clock Conversion                                                ; Off                ; Off                ;
; Block Design Naming                                                        ; Auto               ; Auto               ;
; SDC constraint protection                                                  ; Off                ; Off                ;
; Synthesis Effort                                                           ; Auto               ; Auto               ;
; Shift Register Replacement - Allow Asynchronous Clear Signal               ; On                 ; On                 ;
; Pre-Mapping Resynthesis Optimization                                       ; Off                ; Off                ;
; Analysis & Synthesis Message Level                                         ; Medium             ; Medium             ;
; Disable Register Merging Across Hierarchies                                ; Auto               ; Auto               ;
; Resource Aware Inference For Block RAM                                     ; On                 ; On                 ;
; Synthesis Seed                                                             ; 1                  ; 1                  ;
+----------------------------------------------------------------------------+--------------------+--------------------+


+------------------------------------------+
; Parallel Compilation                     ;
+----------------------------+-------------+
; Processors                 ; Number      ;
+----------------------------+-------------+
; Number detected on machine ; 16          ;
; Maximum allowed            ; 16          ;
;                            ;             ;
; Average used               ; 1.00        ;
; Maximum used               ; 1           ;
;                            ;             ;
; Usage by Processor         ; % Time Used ;
;     Processor 1            ; 100.0%      ;
;     Processors 2-16        ;   0.0%      ;
+----------------------------+-------------+


+------------------------------------------------------------------------------------------------------------------------------------------------------------------------------+
; Analysis & Synthesis Source Files Read                                                                                                                                       ;
+----------------------------------+-----------------+----------------------------------------+----------------------------------------------------------------------+---------+
; File Name with User-Entered Path ; Used in Netlist ; File Type                              ; File Name with Absolute Path                                         ; Library ;
+----------------------------------+-----------------+----------------------------------------+----------------------------------------------------------------------+---------+
; RAM4KB.v                         ; yes             ; User Wizard-Generated File             ; C:/Users/zhengxjie/Desktop/DE2_LAB/work/cpu/RAM4KB.v                 ;         ;
; ROM4KB.v                         ; yes             ; User Wizard-Generated File             ; C:/Users/zhengxjie/Desktop/DE2_LAB/work/cpu/ROM4KB.v                 ;         ;
; cpu.v                            ; yes             ; Auto-Found Verilog HDL File            ; C:/Users/zhengxjie/Desktop/DE2_LAB/work/cpu/cpu.v                    ;         ;
; pc.v                             ; yes             ; Auto-Found Verilog HDL File            ; C:/Users/zhengxjie/Desktop/DE2_LAB/work/cpu/pc.v                     ;         ;
; datapath.v                       ; yes             ; Auto-Found Verilog HDL File            ; C:/Users/zhengxjie/Desktop/DE2_LAB/work/cpu/datapath.v               ;         ;
; ctr.v                            ; yes             ; Auto-Found Verilog HDL File            ; C:/Users/zhengxjie/Desktop/DE2_LAB/work/cpu/ctr.v                    ;         ;
; altsyncram.tdf                   ; yes             ; Megafunction                           ; c:/altera/13.1/quartus/libraries/megafunctions/altsyncram.tdf        ;         ;
; stratix_ram_block.inc            ; yes             ; Megafunction                           ; c:/altera/13.1/quartus/libraries/megafunctions/stratix_ram_block.inc ;         ;
; lpm_mux.inc                      ; yes             ; Megafunction                           ; c:/altera/13.1/quartus/libraries/megafunctions/lpm_mux.inc           ;         ;
; lpm_decode.inc                   ; yes             ; Megafunction                           ; c:/altera/13.1/quartus/libraries/megafunctions/lpm_decode.inc        ;         ;
; aglobal131.inc                   ; yes             ; Megafunction                           ; c:/altera/13.1/quartus/libraries/megafunctions/aglobal131.inc        ;         ;
; a_rdenreg.inc                    ; yes             ; Megafunction                           ; c:/altera/13.1/quartus/libraries/megafunctions/a_rdenreg.inc         ;         ;
; altrom.inc                       ; yes             ; Megafunction                           ; c:/altera/13.1/quartus/libraries/megafunctions/altrom.inc            ;         ;
; altram.inc                       ; yes             ; Megafunction                           ; c:/altera/13.1/quartus/libraries/megafunctions/altram.inc            ;         ;
; altdpram.inc                     ; yes             ; Megafunction                           ; c:/altera/13.1/quartus/libraries/megafunctions/altdpram.inc          ;         ;
; db/altsyncram_sd81.tdf           ; yes             ; Auto-Generated Megafunction            ; C:/Users/zhengxjie/Desktop/DE2_LAB/work/cpu/db/altsyncram_sd81.tdf   ;         ;
; demo.mif                         ; yes             ; Auto-Found Memory Initialization File  ; C:/Users/zhengxjie/Desktop/DE2_LAB/work/cpu/demo.mif                 ;         ;
; db/altsyncram_9ug1.tdf           ; yes             ; Auto-Generated Megafunction            ; C:/Users/zhengxjie/Desktop/DE2_LAB/work/cpu/db/altsyncram_9ug1.tdf   ;         ;
+----------------------------------+-----------------+----------------------------------------+----------------------------------------------------------------------+---------+


+-------------------------------------------------------------+
; Analysis & Synthesis Resource Usage Summary                 ;
+---------------------------------------------+---------------+
; Resource                                    ; Usage         ;
+---------------------------------------------+---------------+
; Estimated Total logic elements              ; 404           ;
;                                             ;               ;
; Total combinational functions               ; 365           ;
; Logic element usage by number of LUT inputs ;               ;
;     -- 4 input functions                    ; 229           ;
;     -- 3 input functions                    ; 97            ;
;     -- <=2 input functions                  ; 39            ;
;                                             ;               ;
; Logic elements by mode                      ;               ;
;     -- normal mode                          ; 327           ;
;     -- arithmetic mode                      ; 38            ;
;                                             ;               ;
; Total registers                             ; 119           ;
;     -- Dedicated logic registers            ; 119           ;
;     -- I/O registers                        ; 0             ;
;                                             ;               ;
; I/O pins                                    ; 18            ;
; Total memory bits                           ; 65536         ;
; Embedded Multiplier 9-bit elements          ; 0             ;
; Maximum fan-out node                        ; sys_rst~input ;
; Maximum fan-out                             ; 135           ;
; Total fan-out                               ; 2043          ;
; Average fan-out                             ; 3.81          ;
+---------------------------------------------+---------------+


+--------------------------------------------------------------------------------------------------------------------------------------------------------------------------------------------------------------------------------------------------------+
; Analysis & Synthesis Resource Utilization by Entity                                                                                                                                                                                                    ;
+-------------------------------------------+-------------------+--------------+-------------+--------------+---------+-----------+------+--------------+---------------------------------------------------------------------------------+--------------+
; Compilation Hierarchy Node                ; LC Combinationals ; LC Registers ; Memory Bits ; DSP Elements ; DSP 9x9 ; DSP 18x18 ; Pins ; Virtual Pins ; Full Hierarchy Name                                                             ; Library Name ;
+-------------------------------------------+-------------------+--------------+-------------+--------------+---------+-----------+------+--------------+---------------------------------------------------------------------------------+--------------+
; |cpu                                      ; 365 (9)           ; 119 (0)      ; 65536       ; 0            ; 0       ; 0         ; 18   ; 0            ; |cpu                                                                            ; work         ;
;    |RAM4KB:RAM0|                          ; 0 (0)             ; 0 (0)        ; 32768       ; 0            ; 0       ; 0         ; 0    ; 0            ; |cpu|RAM4KB:RAM0                                                                ; work         ;
;       |altsyncram:altsyncram_component|   ; 0 (0)             ; 0 (0)        ; 32768       ; 0            ; 0       ; 0         ; 0    ; 0            ; |cpu|RAM4KB:RAM0|altsyncram:altsyncram_component                                ; work         ;
;          |altsyncram_9ug1:auto_generated| ; 0 (0)             ; 0 (0)        ; 32768       ; 0            ; 0       ; 0         ; 0    ; 0            ; |cpu|RAM4KB:RAM0|altsyncram:altsyncram_component|altsyncram_9ug1:auto_generated ; work         ;
;    |ROM4KB:ROM0|                          ; 0 (0)             ; 0 (0)        ; 32768       ; 0            ; 0       ; 0         ; 0    ; 0            ; |cpu|ROM4KB:ROM0                                                                ; work         ;
;       |altsyncram:altsyncram_component|   ; 0 (0)             ; 0 (0)        ; 32768       ; 0            ; 0       ; 0         ; 0    ; 0            ; |cpu|ROM4KB:ROM0|altsyncram:altsyncram_component                                ; work         ;
;          |altsyncram_sd81:auto_generated| ; 0 (0)             ; 0 (0)        ; 32768       ; 0            ; 0       ; 0         ; 0    ; 0            ; |cpu|ROM4KB:ROM0|altsyncram:altsyncram_component|altsyncram_sd81:auto_generated ; work         ;
;    |pc:PC0|                               ; 356 (5)           ; 119 (11)     ; 0           ; 0            ; 0       ; 0         ; 0    ; 0            ; |cpu|pc:PC0                                                                     ; work         ;
;       |ctr:CTR|                           ; 178 (178)         ; 29 (29)      ; 0           ; 0            ; 0       ; 0         ; 0    ; 0            ; |cpu|pc:PC0|ctr:CTR                                                             ; work         ;
;       |datapath:DATAPATH|                 ; 173 (173)         ; 79 (79)      ; 0           ; 0            ; 0       ; 0         ; 0    ; 0            ; |cpu|pc:PC0|datapath:DATAPATH                                                   ; work         ;
+-------------------------------------------+-------------------+--------------+-------------+--------------+---------+-----------+------+--------------+---------------------------------------------------------------------------------+--------------+
Note: For table entries with two numbers listed, the numbers in parentheses indicate the number of resources of the given type used by the specific entity alone. The numbers listed outside of parentheses indicate the total resources of the given type used by the specific entity and all of its sub-entities in the hierarchy.


+-------------------------------------------------------------------------------------------------------------------------------------------------------------------------------------------+
; Analysis & Synthesis RAM Summary                                                                                                                                                          ;
+---------------------------------------------------------------------------------------+------+-------------+--------------+--------------+--------------+--------------+-------+----------+
; Name                                                                                  ; Type ; Mode        ; Port A Depth ; Port A Width ; Port B Depth ; Port B Width ; Size  ; MIF      ;
+---------------------------------------------------------------------------------------+------+-------------+--------------+--------------+--------------+--------------+-------+----------+
; RAM4KB:RAM0|altsyncram:altsyncram_component|altsyncram_9ug1:auto_generated|ALTSYNCRAM ; AUTO ; Single Port ; 4096         ; 8            ; --           ; --           ; 32768 ; None     ;
; ROM4KB:ROM0|altsyncram:altsyncram_component|altsyncram_sd81:auto_generated|ALTSYNCRAM ; AUTO ; ROM         ; 4096         ; 8            ; --           ; --           ; 32768 ; demo.mif ;
+---------------------------------------------------------------------------------------+------+-------------+--------------+--------------+--------------+--------------+-------+----------+


+-----------------------------------------------------------------------------------------------------------------------------------------+
; Analysis & Synthesis IP Cores Summary                                                                                                   ;
+--------+--------------+---------+--------------+--------------+------------------+------------------------------------------------------+
; Vendor ; IP Core Name ; Version ; Release Date ; License Type ; Entity Instance  ; IP Include File                                      ;
+--------+--------------+---------+--------------+--------------+------------------+------------------------------------------------------+
; Altera ; RAM: 1-PORT  ; 13.1    ; N/A          ; N/A          ; |cpu|RAM4KB:RAM0 ; C:/Users/zhengxjie/Desktop/DE2_LAB/work/cpu/RAM4KB.v ;
; Altera ; ROM: 1-PORT  ; 13.1    ; N/A          ; N/A          ; |cpu|ROM4KB:ROM0 ; C:/Users/zhengxjie/Desktop/DE2_LAB/work/cpu/ROM4KB.v ;
+--------+--------------+---------+--------------+--------------+------------------+------------------------------------------------------+


Encoding Type:  One-Hot
+--------------------------------------------------------------------------------------------------------------------------------------------------------+
; State Machine - |cpu|pc:PC0|state_gate                                                                                                                 ;
+----------------+----------------+----------------+----------------+----------------+----------------+----------------+----------------+----------------+
; Name           ; state_gate.111 ; state_gate.110 ; state_gate.101 ; state_gate.100 ; state_gate.011 ; state_gate.010 ; state_gate.001 ; state_gate.000 ;
+----------------+----------------+----------------+----------------+----------------+----------------+----------------+----------------+----------------+
; state_gate.000 ; 0              ; 0              ; 0              ; 0              ; 0              ; 0              ; 0              ; 0              ;
; state_gate.001 ; 0              ; 0              ; 0              ; 0              ; 0              ; 0              ; 1              ; 1              ;
; state_gate.010 ; 0              ; 0              ; 0              ; 0              ; 0              ; 1              ; 0              ; 1              ;
; state_gate.011 ; 0              ; 0              ; 0              ; 0              ; 1              ; 0              ; 0              ; 1              ;
; state_gate.100 ; 0              ; 0              ; 0              ; 1              ; 0              ; 0              ; 0              ; 1              ;
; state_gate.101 ; 0              ; 0              ; 1              ; 0              ; 0              ; 0              ; 0              ; 1              ;
; state_gate.110 ; 0              ; 1              ; 0              ; 0              ; 0              ; 0              ; 0              ; 1              ;
; state_gate.111 ; 1              ; 0              ; 0              ; 0              ; 0              ; 0              ; 0              ; 1              ;
+----------------+----------------+----------------+----------------+----------------+----------------+----------------+----------------+----------------+


+------------------------------------------------------------+
; Registers Removed During Synthesis                         ;
+---------------------------------------+--------------------+
; Register name                         ; Reason for Removal ;
+---------------------------------------+--------------------+
; pc:PC0|state_gate~4                   ; Lost fanout        ;
; pc:PC0|state_gate~5                   ; Lost fanout        ;
; pc:PC0|state_gate~6                   ; Lost fanout        ;
; Total Number of Removed Registers = 3 ;                    ;
+---------------------------------------+--------------------+


+------------------------------------------------------+
; General Register Statistics                          ;
+----------------------------------------------+-------+
; Statistic                                    ; Value ;
+----------------------------------------------+-------+
; Total registers                              ; 119   ;
; Number of registers using Synchronous Clear  ; 1     ;
; Number of registers using Synchronous Load   ; 18    ;
; Number of registers using Asynchronous Clear ; 119   ;
; Number of registers using Asynchronous Load  ; 0     ;
; Number of registers using Clock Enable       ; 95    ;
; Number of registers using Preset             ; 0     ;
+----------------------------------------------+-------+


+---------------------------------------------------+
; Inverted Register Statistics                      ;
+-----------------------------------------+---------+
; Inverted Register                       ; Fan out ;
+-----------------------------------------+---------+
; pc:PC0|datapath:DATAPATH|reg_sp[0]      ; 2       ;
; pc:PC0|datapath:DATAPATH|reg_sp[1]      ; 2       ;
; pc:PC0|datapath:DATAPATH|reg_sp[2]      ; 2       ;
; pc:PC0|datapath:DATAPATH|reg_sp[3]      ; 2       ;
; pc:PC0|datapath:DATAPATH|reg_sp[4]      ; 2       ;
; pc:PC0|datapath:DATAPATH|reg_sp[5]      ; 2       ;
; pc:PC0|datapath:DATAPATH|reg_sp[6]      ; 2       ;
; pc:PC0|datapath:DATAPATH|reg_sp[7]      ; 2       ;
; pc:PC0|datapath:DATAPATH|reg_sp[8]      ; 2       ;
; pc:PC0|datapath:DATAPATH|reg_sp[9]      ; 2       ;
; pc:PC0|datapath:DATAPATH|reg_sp[10]     ; 2       ;
; pc:PC0|datapath:DATAPATH|reg_sp[11]     ; 2       ;
; pc:PC0|ctr:CTR|pc_mux                   ; 18      ;
; pc:PC0|ctr:CTR|flag_mux                 ; 6       ;
; pc:PC0|ctr:CTR|add_mux[0]               ; 14      ;
; pc:PC0|ctr:CTR|sp_mux                   ; 12      ;
; Total number of inverted registers = 16 ;         ;
+-----------------------------------------+---------+


+-------------------------------------------------------------------------------------------------------------------------------------------------------+
; Multiplexer Restructuring Statistics (Restructuring Performed)                                                                                        ;
+--------------------+-----------+---------------+----------------------+------------------------+------------+-----------------------------------------+
; Multiplexer Inputs ; Bus Width ; Baseline Area ; Area if Restructured ; Saving if Restructured ; Registered ; Example Multiplexer Output              ;
+--------------------+-----------+---------------+----------------------+------------------------+------------+-----------------------------------------+
; 18:1               ; 3 bits    ; 36 LEs        ; 18 LEs               ; 18 LEs                 ; Yes        ; |cpu|pc:PC0|ctr:CTR|bbus_mux[1]         ;
; 18:1               ; 2 bits    ; 24 LEs        ; 2 LEs                ; 22 LEs                 ; Yes        ; |cpu|pc:PC0|ctr:CTR|alu_func[2]         ;
; 8:1                ; 7 bits    ; 35 LEs        ; 28 LEs               ; 7 LEs                  ; No         ; |cpu|pc:PC0|datapath:DATAPATH|Mux11     ;
; 3:1                ; 12 bits   ; 24 LEs        ; 24 LEs               ; 0 LEs                  ; No         ; |cpu|pc:PC0|datapath:DATAPATH|Selector8 ;
; 13:1               ; 6 bits    ; 48 LEs        ; 36 LEs               ; 12 LEs                 ; No         ; |cpu|pc:PC0|datapath:DATAPATH|Mux3      ;
+--------------------+-----------+---------------+----------------------+------------------------+------------+-----------------------------------------+


+---------------------------------------------------------------------------------------------------+
; Source assignments for ROM4KB:ROM0|altsyncram:altsyncram_component|altsyncram_sd81:auto_generated ;
+---------------------------------+--------------------+------+-------------------------------------+
; Assignment                      ; Value              ; From ; To                                  ;
+---------------------------------+--------------------+------+-------------------------------------+
; OPTIMIZE_POWER_DURING_SYNTHESIS ; NORMAL_COMPILATION ; -    ; -                                   ;
+---------------------------------+--------------------+------+-------------------------------------+


+---------------------------------------------------------------------------------------------------+
; Source assignments for RAM4KB:RAM0|altsyncram:altsyncram_component|altsyncram_9ug1:auto_generated ;
+---------------------------------+--------------------+------+-------------------------------------+
; Assignment                      ; Value              ; From ; To                                  ;
+---------------------------------+--------------------+------+-------------------------------------+
; OPTIMIZE_POWER_DURING_SYNTHESIS ; NORMAL_COMPILATION ; -    ; -                                   ;
+---------------------------------+--------------------+------+-------------------------------------+


+-------------------------------------------------------------+
; Parameter Settings for User Entity Instance: pc:PC0|ctr:CTR ;
+----------------+-------+------------------------------------+
; Parameter Name ; Value ; Type                               ;
+----------------+-------+------------------------------------+
; s0             ; 000   ; Unsigned Binary                    ;
; s1             ; 001   ; Unsigned Binary                    ;
; s2             ; 010   ; Unsigned Binary                    ;
; s3             ; 011   ; Unsigned Binary                    ;
; s4             ; 100   ; Unsigned Binary                    ;
; s5             ; 101   ; Unsigned Binary                    ;
+----------------+-------+------------------------------------+
Note: In order to hide this table in the UI and the text report file, please set the "Show Parameter Settings in Synthesis Report" option in "Analysis and Synthesis Settings -> More Settings" to "Off".


+------------------------------------------------------------------------------------------+
; Parameter Settings for User Entity Instance: ROM4KB:ROM0|altsyncram:altsyncram_component ;
+------------------------------------+----------------------+------------------------------+
; Parameter Name                     ; Value                ; Type                         ;
+------------------------------------+----------------------+------------------------------+
; BYTE_SIZE_BLOCK                    ; 8                    ; Untyped                      ;
; AUTO_CARRY_CHAINS                  ; ON                   ; AUTO_CARRY                   ;
; IGNORE_CARRY_BUFFERS               ; OFF                  ; IGNORE_CARRY                 ;
; AUTO_CASCADE_CHAINS                ; ON                   ; AUTO_CASCADE                 ;
; IGNORE_CASCADE_BUFFERS             ; OFF                  ; IGNORE_CASCADE               ;
; WIDTH_BYTEENA                      ; 1                    ; Untyped                      ;
; OPERATION_MODE                     ; ROM                  ; Untyped                      ;
; WIDTH_A                            ; 8                    ; Signed Integer               ;
; WIDTHAD_A                          ; 12                   ; Signed Integer               ;
; NUMWORDS_A                         ; 4096                 ; Signed Integer               ;
; OUTDATA_REG_A                      ; CLOCK0               ; Untyped                      ;
; ADDRESS_ACLR_A                     ; CLEAR0               ; Untyped                      ;
; OUTDATA_ACLR_A                     ; CLEAR0               ; Untyped                      ;
; WRCONTROL_ACLR_A                   ; NONE                 ; Untyped                      ;
; INDATA_ACLR_A                      ; NONE                 ; Untyped                      ;
; BYTEENA_ACLR_A                     ; NONE                 ; Untyped                      ;
; WIDTH_B                            ; 1                    ; Untyped                      ;
; WIDTHAD_B                          ; 1                    ; Untyped                      ;
; NUMWORDS_B                         ; 1                    ; Untyped                      ;
; INDATA_REG_B                       ; CLOCK1               ; Untyped                      ;
; WRCONTROL_WRADDRESS_REG_B          ; CLOCK1               ; Untyped                      ;
; RDCONTROL_REG_B                    ; CLOCK1               ; Untyped                      ;
; ADDRESS_REG_B                      ; CLOCK1               ; Untyped                      ;
; OUTDATA_REG_B                      ; UNREGISTERED         ; Untyped                      ;
; BYTEENA_REG_B                      ; CLOCK1               ; Untyped                      ;
; INDATA_ACLR_B                      ; NONE                 ; Untyped                      ;
; WRCONTROL_ACLR_B                   ; NONE                 ; Untyped                      ;
; ADDRESS_ACLR_B                     ; NONE                 ; Untyped                      ;
; OUTDATA_ACLR_B                     ; NONE                 ; Untyped                      ;
; RDCONTROL_ACLR_B                   ; NONE                 ; Untyped                      ;
; BYTEENA_ACLR_B                     ; NONE                 ; Untyped                      ;
; WIDTH_BYTEENA_A                    ; 1                    ; Signed Integer               ;
; WIDTH_BYTEENA_B                    ; 1                    ; Untyped                      ;
; RAM_BLOCK_TYPE                     ; AUTO                 ; Untyped                      ;
; BYTE_SIZE                          ; 8                    ; Untyped                      ;
; READ_DURING_WRITE_MODE_MIXED_PORTS ; DONT_CARE            ; Untyped                      ;
; READ_DURING_WRITE_MODE_PORT_A      ; NEW_DATA_NO_NBE_READ ; Untyped                      ;
; READ_DURING_WRITE_MODE_PORT_B      ; NEW_DATA_NO_NBE_READ ; Untyped                      ;
; INIT_FILE                          ; demo.mif             ; Untyped                      ;
; INIT_FILE_LAYOUT                   ; PORT_A               ; Untyped                      ;
; MAXIMUM_DEPTH                      ; 0                    ; Untyped                      ;
; CLOCK_ENABLE_INPUT_A               ; NORMAL               ; Untyped                      ;
; CLOCK_ENABLE_INPUT_B               ; NORMAL               ; Untyped                      ;
; CLOCK_ENABLE_OUTPUT_A              ; NORMAL               ; Untyped                      ;
; CLOCK_ENABLE_OUTPUT_B              ; NORMAL               ; Untyped                      ;
; CLOCK_ENABLE_CORE_A                ; USE_INPUT_CLKEN      ; Untyped                      ;
; CLOCK_ENABLE_CORE_B                ; USE_INPUT_CLKEN      ; Untyped                      ;
; ENABLE_ECC                         ; FALSE                ; Untyped                      ;
; ECC_PIPELINE_STAGE_ENABLED         ; FALSE                ; Untyped                      ;
; WIDTH_ECCSTATUS                    ; 3                    ; Untyped                      ;
; DEVICE_FAMILY                      ; Cyclone IV E         ; Untyped                      ;
; CBXI_PARAMETER                     ; altsyncram_sd81      ; Untyped                      ;
+------------------------------------+----------------------+------------------------------+
Note: In order to hide this table in the UI and the text report file, please set the "Show Parameter Settings in Synthesis Report" option in "Analysis and Synthesis Settings -> More Settings" to "Off".


+------------------------------------------------------------------------------------------+
; Parameter Settings for User Entity Instance: RAM4KB:RAM0|altsyncram:altsyncram_component ;
+------------------------------------+----------------------+------------------------------+
; Parameter Name                     ; Value                ; Type                         ;
+------------------------------------+----------------------+------------------------------+
; BYTE_SIZE_BLOCK                    ; 8                    ; Untyped                      ;
; AUTO_CARRY_CHAINS                  ; ON                   ; AUTO_CARRY                   ;
; IGNORE_CARRY_BUFFERS               ; OFF                  ; IGNORE_CARRY                 ;
; AUTO_CASCADE_CHAINS                ; ON                   ; AUTO_CASCADE                 ;
; IGNORE_CASCADE_BUFFERS             ; OFF                  ; IGNORE_CASCADE               ;
; WIDTH_BYTEENA                      ; 1                    ; Untyped                      ;
; OPERATION_MODE                     ; SINGLE_PORT          ; Untyped                      ;
; WIDTH_A                            ; 8                    ; Signed Integer               ;
; WIDTHAD_A                          ; 12                   ; Signed Integer               ;
; NUMWORDS_A                         ; 4096                 ; Signed Integer               ;
; OUTDATA_REG_A                      ; CLOCK0               ; Untyped                      ;
; ADDRESS_ACLR_A                     ; NONE                 ; Untyped                      ;
; OUTDATA_ACLR_A                     ; CLEAR0               ; Untyped                      ;
; WRCONTROL_ACLR_A                   ; NONE                 ; Untyped                      ;
; INDATA_ACLR_A                      ; NONE                 ; Untyped                      ;
; BYTEENA_ACLR_A                     ; NONE                 ; Untyped                      ;
; WIDTH_B                            ; 1                    ; Untyped                      ;
; WIDTHAD_B                          ; 1                    ; Untyped                      ;
; NUMWORDS_B                         ; 1                    ; Untyped                      ;
; INDATA_REG_B                       ; CLOCK1               ; Untyped                      ;
; WRCONTROL_WRADDRESS_REG_B          ; CLOCK1               ; Untyped                      ;
; RDCONTROL_REG_B                    ; CLOCK1               ; Untyped                      ;
; ADDRESS_REG_B                      ; CLOCK1               ; Untyped                      ;
; OUTDATA_REG_B                      ; UNREGISTERED         ; Untyped                      ;
; BYTEENA_REG_B                      ; CLOCK1               ; Untyped                      ;
; INDATA_ACLR_B                      ; NONE                 ; Untyped                      ;
; WRCONTROL_ACLR_B                   ; NONE                 ; Untyped                      ;
; ADDRESS_ACLR_B                     ; NONE                 ; Untyped                      ;
; OUTDATA_ACLR_B                     ; NONE                 ; Untyped                      ;
; RDCONTROL_ACLR_B                   ; NONE                 ; Untyped                      ;
; BYTEENA_ACLR_B                     ; NONE                 ; Untyped                      ;
; WIDTH_BYTEENA_A                    ; 1                    ; Signed Integer               ;
; WIDTH_BYTEENA_B                    ; 1                    ; Untyped                      ;
; RAM_BLOCK_TYPE                     ; AUTO                 ; Untyped                      ;
; BYTE_SIZE                          ; 8                    ; Untyped                      ;
; READ_DURING_WRITE_MODE_MIXED_PORTS ; DONT_CARE            ; Untyped                      ;
; READ_DURING_WRITE_MODE_PORT_A      ; NEW_DATA_NO_NBE_READ ; Untyped                      ;
; READ_DURING_WRITE_MODE_PORT_B      ; NEW_DATA_NO_NBE_READ ; Untyped                      ;
; INIT_FILE                          ; UNUSED               ; Untyped                      ;
; INIT_FILE_LAYOUT                   ; PORT_A               ; Untyped                      ;
; MAXIMUM_DEPTH                      ; 0                    ; Untyped                      ;
; CLOCK_ENABLE_INPUT_A               ; NORMAL               ; Untyped                      ;
; CLOCK_ENABLE_INPUT_B               ; NORMAL               ; Untyped                      ;
; CLOCK_ENABLE_OUTPUT_A              ; NORMAL               ; Untyped                      ;
; CLOCK_ENABLE_OUTPUT_B              ; NORMAL               ; Untyped                      ;
; CLOCK_ENABLE_CORE_A                ; USE_INPUT_CLKEN      ; Untyped                      ;
; CLOCK_ENABLE_CORE_B                ; USE_INPUT_CLKEN      ; Untyped                      ;
; ENABLE_ECC                         ; FALSE                ; Untyped                      ;
; ECC_PIPELINE_STAGE_ENABLED         ; FALSE                ; Untyped                      ;
; WIDTH_ECCSTATUS                    ; 3                    ; Untyped                      ;
; DEVICE_FAMILY                      ; Cyclone IV E         ; Untyped                      ;
; CBXI_PARAMETER                     ; altsyncram_9ug1      ; Untyped                      ;
+------------------------------------+----------------------+------------------------------+
Note: In order to hide this table in the UI and the text report file, please set the "Show Parameter Settings in Synthesis Report" option in "Analysis and Synthesis Settings -> More Settings" to "Off".


+-----------------------------------------------------------------------------------------+
; altsyncram Parameter Settings by Entity Instance                                        ;
+-------------------------------------------+---------------------------------------------+
; Name                                      ; Value                                       ;
+-------------------------------------------+---------------------------------------------+
; Number of entity instances                ; 2                                           ;
; Entity Instance                           ; ROM4KB:ROM0|altsyncram:altsyncram_component ;
;     -- OPERATION_MODE                     ; ROM                                         ;
;     -- WIDTH_A                            ; 8                                           ;
;     -- NUMWORDS_A                         ; 4096                                        ;
;     -- OUTDATA_REG_A                      ; CLOCK0                                      ;
;     -- WIDTH_B                            ; 1                                           ;
;     -- NUMWORDS_B                         ; 1                                           ;
;     -- ADDRESS_REG_B                      ; CLOCK1                                      ;
;     -- OUTDATA_REG_B                      ; UNREGISTERED                                ;
;     -- RAM_BLOCK_TYPE                     ; AUTO                                        ;
;     -- READ_DURING_WRITE_MODE_MIXED_PORTS ; DONT_CARE                                   ;
; Entity Instance                           ; RAM4KB:RAM0|altsyncram:altsyncram_component ;
;     -- OPERATION_MODE                     ; SINGLE_PORT                                 ;
;     -- WIDTH_A                            ; 8                                           ;
;     -- NUMWORDS_A                         ; 4096                                        ;
;     -- OUTDATA_REG_A                      ; CLOCK0                                      ;
;     -- WIDTH_B                            ; 1                                           ;
;     -- NUMWORDS_B                         ; 1                                           ;
;     -- ADDRESS_REG_B                      ; CLOCK1                                      ;
;     -- OUTDATA_REG_B                      ; UNREGISTERED                                ;
;     -- RAM_BLOCK_TYPE                     ; AUTO                                        ;
;     -- READ_DURING_WRITE_MODE_MIXED_PORTS ; DONT_CARE                                   ;
+-------------------------------------------+---------------------------------------------+


+-----------------------------------------------------------------------------------------------------------------+
; Port Connectivity Checks: "pc:PC0|ctr:CTR"                                                                      ;
+-------+--------+----------+-------------------------------------------------------------------------------------+
; Port  ; Type   ; Severity ; Details                                                                             ;
+-------+--------+----------+-------------------------------------------------------------------------------------+
; state ; Output ; Info     ; Connected to dangling logic. Logic that only feeds a dangling port will be removed. ;
+-------+--------+----------+-------------------------------------------------------------------------------------+


+--------------------------------------------------------------------------------------------------------------------+
; Port Connectivity Checks: "pc:PC0"                                                                                 ;
+----------+--------+----------+-------------------------------------------------------------------------------------+
; Port     ; Type   ; Severity ; Details                                                                             ;
+----------+--------+----------+-------------------------------------------------------------------------------------+
; slow_clk ; Output ; Info     ; Connected to dangling logic. Logic that only feeds a dangling port will be removed. ;
+----------+--------+----------+-------------------------------------------------------------------------------------+


+-------------------------------+
; Elapsed Time Per Partition    ;
+----------------+--------------+
; Partition Name ; Elapsed Time ;
+----------------+--------------+
; Top            ; 00:00:03     ;
+----------------+--------------+


+-------------------------------+
; Analysis & Synthesis Messages ;
+-------------------------------+
Info: *******************************************************************
Info: Running Quartus II 64-Bit Analysis & Synthesis
    Info: Version 13.1.0 Build 162 10/23/2013 SJ Full Version
    Info: Processing started: Wed Dec 30 10:28:08 2020
Info: Command: quartus_map --read_settings_files=on --write_settings_files=off cpu -c cpu
Info (20030): Parallel compilation is enabled and will use 16 of the 16 processors detected
Info (12021): Found 1 design units, including 1 entities, in source file ram4kb.v
    Info (12023): Found entity 1: RAM4KB
Info (12021): Found 1 design units, including 1 entities, in source file rom4kb.v
    Info (12023): Found entity 1: ROM4KB
Warning (12125): Using design file cpu.v, which is not specified as a design file for the current project, but contains definitions for 1 design units and 1 entities in project
    Info (12023): Found entity 1: cpu
Info (12127): Elaborating entity "cpu" for the top level hierarchy
Warning (12125): Using design file pc.v, which is not specified as a design file for the current project, but contains definitions for 1 design units and 1 entities in project
    Info (12023): Found entity 1: pc
Info (12128): Elaborating entity "pc" for hierarchy "pc:PC0"
Warning (12125): Using design file datapath.v, which is not specified as a design file for the current project, but contains definitions for 1 design units and 1 entities in project
    Info (12023): Found entity 1: datapath
Info (12128): Elaborating entity "datapath" for hierarchy "pc:PC0|datapath:DATAPATH"
Warning (10230): Verilog HDL assignment warning at datapath.v(106): truncated value with size 32 to match size of target (12)
Warning (10230): Verilog HDL assignment warning at datapath.v(117): truncated value with size 32 to match size of target (12)
Warning (10230): Verilog HDL assignment warning at datapath.v(118): truncated value with size 32 to match size of target (12)
Warning (12125): Using design file ctr.v, which is not specified as a design file for the current project, but contains definitions for 1 design units and 1 entities in project
    Info (12023): Found entity 1: ctr
Info (12128): Elaborating entity "ctr" for hierarchy "pc:PC0|ctr:CTR"
Info (12128): Elaborating entity "ROM4KB" for hierarchy "ROM4KB:ROM0"
Info (12128): Elaborating entity "altsyncram" for hierarchy "ROM4KB:ROM0|altsyncram:altsyncram_component"
Info (12130): Elaborated megafunction instantiation "ROM4KB:ROM0|altsyncram:altsyncram_component"
Info (12133): Instantiated megafunction "ROM4KB:ROM0|altsyncram:altsyncram_component" with the following parameter:
    Info (12134): Parameter "address_aclr_a" = "CLEAR0"
    Info (12134): Parameter "clock_enable_input_a" = "NORMAL"
    Info (12134): Parameter "clock_enable_output_a" = "NORMAL"
    Info (12134): Parameter "init_file" = "demo.mif"
    Info (12134): Parameter "intended_device_family" = "Cyclone IV E"
    Info (12134): Parameter "lpm_type" = "altsyncram"
    Info (12134): Parameter "numwords_a" = "4096"
    Info (12134): Parameter "operation_mode" = "ROM"
    Info (12134): Parameter "outdata_aclr_a" = "CLEAR0"
    Info (12134): Parameter "outdata_reg_a" = "CLOCK0"
    Info (12134): Parameter "widthad_a" = "12"
    Info (12134): Parameter "width_a" = "8"
    Info (12134): Parameter "width_byteena_a" = "1"
Info (12021): Found 1 design units, including 1 entities, in source file db/altsyncram_sd81.tdf
    Info (12023): Found entity 1: altsyncram_sd81
Info (12128): Elaborating entity "altsyncram_sd81" for hierarchy "ROM4KB:ROM0|altsyncram:altsyncram_component|altsyncram_sd81:auto_generated"
Info (12128): Elaborating entity "RAM4KB" for hierarchy "RAM4KB:RAM0"
Info (12128): Elaborating entity "altsyncram" for hierarchy "RAM4KB:RAM0|altsyncram:altsyncram_component"
Info (12130): Elaborated megafunction instantiation "RAM4KB:RAM0|altsyncram:altsyncram_component"
Info (12133): Instantiated megafunction "RAM4KB:RAM0|altsyncram:altsyncram_component" with the following parameter:
    Info (12134): Parameter "clock_enable_input_a" = "NORMAL"
    Info (12134): Parameter "clock_enable_output_a" = "NORMAL"
    Info (12134): Parameter "intended_device_family" = "Cyclone IV E"
    Info (12134): Parameter "lpm_hint" = "ENABLE_RUNTIME_MOD=NO"
    Info (12134): Parameter "lpm_type" = "altsyncram"
    Info (12134): Parameter "numwords_a" = "4096"
    Info (12134): Parameter "operation_mode" = "SINGLE_PORT"
    Info (12134): Parameter "outdata_aclr_a" = "CLEAR0"
    Info (12134): Parameter "outdata_reg_a" = "CLOCK0"
    Info (12134): Parameter "power_up_uninitialized" = "FALSE"
    Info (12134): Parameter "read_during_write_mode_port_a" = "NEW_DATA_NO_NBE_READ"
    Info (12134): Parameter "widthad_a" = "12"
    Info (12134): Parameter "width_a" = "8"
    Info (12134): Parameter "width_byteena_a" = "1"
Info (12021): Found 1 design units, including 1 entities, in source file db/altsyncram_9ug1.tdf
    Info (12023): Found entity 1: altsyncram_9ug1
Info (12128): Elaborating entity "altsyncram_9ug1" for hierarchy "RAM4KB:RAM0|altsyncram:altsyncram_component|altsyncram_9ug1:auto_generated"
Info (13000): Registers with preset signals will power-up high
Info (13003): DEV_CLRn pin will set, and not reset, register with preset signal due to NOT Gate Push-Back
Info (286030): Timing-Driven Synthesis is running
Info (17049): 3 registers lost all their fanouts during netlist optimizations.
Info (144001): Generated suppressed messages file C:/Users/zhengxjie/Desktop/DE2_LAB/work/cpu/output_files/cpu.map.smsg
Info (16010): Generating hard_block partition "hard_block:auto_generated_inst"
    Info (16011): Adding 0 node(s), including 0 DDIO, 0 PLL, 0 transceiver and 0 LCELL
Info (21057): Implemented 453 device resources after synthesis - the final resource count might be different
    Info (21058): Implemented 10 input pins
    Info (21059): Implemented 8 output pins
    Info (21061): Implemented 419 logic cells
    Info (21064): Implemented 16 RAM segments
Info: Quartus II 64-Bit Analysis & Synthesis was successful. 0 errors, 7 warnings
    Info: Peak virtual memory: 4687 megabytes
    Info: Processing ended: Wed Dec 30 10:28:15 2020
    Info: Elapsed time: 00:00:07
    Info: Total CPU time (on all processors): 00:00:07


+------------------------------------------+
; Analysis & Synthesis Suppressed Messages ;
+------------------------------------------+
The suppressed messages can be found in C:/Users/zhengxjie/Desktop/DE2_LAB/work/cpu/output_files/cpu.map.smsg.


